Determining if the pthread_create exist failed with the following output:
Change Dir: /home/richard/Rover2018/build/CMakeFiles/CMakeTmp

Run Build Command:"/usr/bin/make" "cmTC_0d95d/fast"
/usr/bin/make -f CMakeFiles/cmTC_0d95d.dir/build.make CMakeFiles/cmTC_0d95d.dir/build
make[1]: Entering directory '/home/richard/Rover2018/build/CMakeFiles/CMakeTmp'
Building C object CMakeFiles/cmTC_0d95d.dir/CheckSymbolExists.c.o
/usr/bin/cc     -o CMakeFiles/cmTC_0d95d.dir/CheckSymbolExists.c.o   -c /home/richard/Rover2018/build/CMakeFiles/CMakeTmp/CheckSymbolExists.c
Linking C executable cmTC_0d95d
/usr/bin/cmake -E cmake_link_script CMakeFiles/cmTC_0d95d.dir/link.txt --verbose=1
/usr/bin/cc       CMakeFiles/cmTC_0d95d.dir/CheckSymbolExists.c.o  -o cmTC_0d95d -rdynamic 
CMakeFiles/cmTC_0d95d.dir/CheckSymbolExists.c.o: In function `main':
CheckSymbolExists.c:(.text+0x16): undefined reference to `pthread_create'
collect2: error: ld returned 1 exit status
CMakeFiles/cmTC_0d95d.dir/build.make:97: recipe for target 'cmTC_0d95d' failed
make[1]: *** [cmTC_0d95d] Error 1
make[1]: Leaving directory '/home/richard/Rover2018/build/CMakeFiles/CMakeTmp'
Makefile:126: recipe for target 'cmTC_0d95d/fast' failed
make: *** [cmTC_0d95d/fast] Error 2

File /home/richard/Rover2018/build/CMakeFiles/CMakeTmp/CheckSymbolExists.c:
/* */
#include <pthread.h>

int main(int argc, char** argv)
{
  (void)argv;
#ifndef pthread_create
  return ((int*)(&pthread_create))[argc];
#else
  (void)argc;
  return 0;
#endif
}

Determining if the function pthread_create exists in the pthreads failed with the following output:
Change Dir: /home/richard/Rover2018/build/CMakeFiles/CMakeTmp

Run Build Command:"/usr/bin/make" "cmTC_4dddc/fast"
/usr/bin/make -f CMakeFiles/cmTC_4dddc.dir/build.make CMakeFiles/cmTC_4dddc.dir/build
make[1]: Entering directory '/home/richard/Rover2018/build/CMakeFiles/CMakeTmp'
Building C object CMakeFiles/cmTC_4dddc.dir/CheckFunctionExists.c.o
/usr/bin/cc    -DCHECK_FUNCTION_EXISTS=pthread_create   -o CMakeFiles/cmTC_4dddc.dir/CheckFunctionExists.c.o   -c /usr/share/cmake-3.5/Modules/CheckFunctionExists.c
Linking C executable cmTC_4dddc
/usr/bin/cmake -E cmake_link_script CMakeFiles/cmTC_4dddc.dir/link.txt --verbose=1
/usr/bin/cc   -DCHECK_FUNCTION_EXISTS=pthread_create    CMakeFiles/cmTC_4dddc.dir/CheckFunctionExists.c.o  -o cmTC_4dddc -rdynamic -lpthreads 
/usr/bin/ld: cannot find -lpthreads
collect2: error: ld returned 1 exit status
CMakeFiles/cmTC_4dddc.dir/build.make:97: recipe for target 'cmTC_4dddc' failed
make[1]: *** [cmTC_4dddc] Error 1
make[1]: Leaving directory '/home/richard/Rover2018/build/CMakeFiles/CMakeTmp'
Makefile:126: recipe for target 'cmTC_4dddc/fast' failed
make: *** [cmTC_4dddc/fast] Error 2


